2026-03-22 19:59:55,404 INFO o.a.j.u.JMeterUtils: Setting Locale to en_EN
2026-03-22 19:59:55,411 INFO o.a.j.JMeter: Loading user properties from: /opt/homebrew/Cellar/jmeter/5.6.3/libexec/bin/user.properties
2026-03-22 19:59:55,412 INFO o.a.j.JMeter: Loading system properties from: /opt/homebrew/Cellar/jmeter/5.6.3/libexec/bin/system.properties
2026-03-22 19:59:55,414 INFO o.a.j.JMeter: Copyright (c) 1998-2024 The Apache Software Foundation
2026-03-22 19:59:55,414 INFO o.a.j.JMeter: Version 5.6.3
2026-03-22 19:59:55,414 INFO o.a.j.JMeter: java.version=21.0.10
2026-03-22 19:59:55,414 INFO o.a.j.JMeter: java.vm.name=OpenJDK 64-Bit Server VM
2026-03-22 19:59:55,414 INFO o.a.j.JMeter: os.name=Mac OS X
2026-03-22 19:59:55,414 INFO o.a.j.JMeter: os.arch=aarch64
2026-03-22 19:59:55,414 INFO o.a.j.JMeter: os.version=15.7.3
2026-03-22 19:59:55,414 INFO o.a.j.JMeter: file.encoding=UTF-8
2026-03-22 19:59:55,414 INFO o.a.j.JMeter: java.awt.headless=true
2026-03-22 19:59:55,414 INFO o.a.j.JMeter: Max memory     =1073741824
2026-03-22 19:59:55,414 INFO o.a.j.JMeter: Available Processors =10
2026-03-22 19:59:55,422 INFO o.a.j.JMeter: Default Locale=English (EN)
2026-03-22 19:59:55,422 INFO o.a.j.JMeter: JMeter  Locale=English (EN)
2026-03-22 19:59:55,422 INFO o.a.j.JMeter: JMeterHome=/opt/homebrew/Cellar/jmeter/5.6.3/libexec
2026-03-22 19:59:55,422 INFO o.a.j.JMeter: user.dir  =/Users/dlt5670/Desktop/webstaurant-test
2026-03-22 19:59:55,422 INFO o.a.j.JMeter: PWD       =/Users/dlt5670/Desktop/webstaurant-test
2026-03-22 19:59:55,458 INFO o.a.j.JMeter: IP: 192.168.1.236 Name: OF060D2K2W62N0Q FullName: mac.lan
2026-03-22 19:59:55,464 INFO o.a.j.JMeter: Setting property 'jmeter.reportgenerator.outputdir' to:'/Users/dlt5670/Desktop/webstaurant-test/report'
2026-03-22 19:59:55,465 INFO o.a.j.s.FileServer: Default base='/Users/dlt5670/Desktop/webstaurant-test'
2026-03-22 19:59:55,466 INFO o.a.j.s.FileServer: Set new base='/Users/dlt5670/Desktop/webstaurant-test'
2026-03-22 19:59:55,523 INFO o.a.j.s.SaveService: Testplan (JMX) version: 2.2. Testlog (JTL) version: 2.2
2026-03-22 19:59:55,533 INFO o.a.j.s.SaveService: Using SaveService properties version 5.0
2026-03-22 19:59:55,534 INFO o.a.j.s.SaveService: Using SaveService properties file encoding UTF-8
2026-03-22 19:59:55,535 INFO o.a.j.s.SaveService: Loading file: webstaurant_test.jmx
2026-03-22 19:59:55,558 INFO o.a.j.p.h.s.HTTPSamplerBase: Parser for text/html is org.apache.jmeter.protocol.http.parser.LagartoBasedHtmlParser
2026-03-22 19:59:55,558 INFO o.a.j.p.h.s.HTTPSamplerBase: Parser for application/xhtml+xml is org.apache.jmeter.protocol.http.parser.LagartoBasedHtmlParser
2026-03-22 19:59:55,558 INFO o.a.j.p.h.s.HTTPSamplerBase: Parser for application/xml is org.apache.jmeter.protocol.http.parser.LagartoBasedHtmlParser
2026-03-22 19:59:55,558 INFO o.a.j.p.h.s.HTTPSamplerBase: Parser for text/xml is org.apache.jmeter.protocol.http.parser.LagartoBasedHtmlParser
2026-03-22 19:59:55,558 INFO o.a.j.p.h.s.HTTPSamplerBase: Parser for text/vnd.wap.wml is org.apache.jmeter.protocol.http.parser.RegexpHTMLParser
2026-03-22 19:59:55,558 INFO o.a.j.p.h.s.HTTPSamplerBase: Parser for text/css is org.apache.jmeter.protocol.http.parser.CssParser
2026-03-22 19:59:55,579 INFO o.a.j.JMeter: Creating summariser <summary>
2026-03-22 19:59:55,580 INFO o.a.j.r.d.ReportGenerator: ReportGenerator will use for Parsing the separator: ','
2026-03-22 19:59:55,580 INFO o.a.j.r.d.ReportGenerator: Will generate report at end of test from  results file: results.jtl
2026-03-22 19:59:55,580 INFO o.a.j.r.d.ReportGenerator: Reading report generator properties from: /opt/homebrew/Cellar/jmeter/5.6.3/libexec/bin/reportgenerator.properties
2026-03-22 19:59:55,580 INFO o.a.j.r.d.ReportGenerator: Merging with JMeter properties
2026-03-22 19:59:55,582 INFO o.a.j.r.c.ReportGeneratorConfiguration: Property 'jmeter.reportgenerator.temp_dir' not found, using default value 'temp' instead.
2026-03-22 19:59:55,582 INFO o.a.j.r.c.ReportGeneratorConfiguration: Property 'jmeter.reportgenerator.apdex_per_transaction' not found, using default value 'null' instead.
2026-03-22 19:59:55,582 INFO o.a.j.r.c.ReportGeneratorConfiguration: apdex_per_transaction is empty, not APDEX per transaction customization
2026-03-22 19:59:55,582 INFO o.a.j.r.c.ReportGeneratorConfiguration: Property 'jmeter.reportgenerator.sample_filter' not found, using default value 'null' instead.
2026-03-22 19:59:55,583 INFO o.a.j.r.c.ReportGeneratorConfiguration: Property 'jmeter.reportgenerator.report_title' not found, using default value 'null' instead.
2026-03-22 19:59:55,583 INFO o.a.j.r.c.ReportGeneratorConfiguration: Property 'jmeter.reportgenerator.start_date' not found, using default value 'null' instead.
2026-03-22 19:59:55,583 INFO o.a.j.r.c.ReportGeneratorConfiguration: Property 'jmeter.reportgenerator.end_date' not found, using default value 'null' instead.
2026-03-22 19:59:55,583 INFO o.a.j.r.c.ReportGeneratorConfiguration: Property 'jmeter.reportgenerator.date_format' not found, using default value 'null' instead.
2026-03-22 19:59:55,583 INFO o.a.j.r.c.ReportGeneratorConfiguration: Will use date range start date: null, end date: null
2026-03-22 19:59:55,584 INFO o.a.j.r.c.ReportGeneratorConfiguration: Property 'jmeter.reportgenerator.graph.totalTPS.exclude_controllers' not found, using default value 'false' instead.
2026-03-22 19:59:55,584 INFO o.a.j.r.c.ReportGeneratorConfiguration: Property 'jmeter.reportgenerator.graph.activeThreadsOverTime.exclude_controllers' not found, using default value 'false' instead.
2026-03-22 19:59:55,584 INFO o.a.j.r.c.ReportGeneratorConfiguration: Property 'jmeter.reportgenerator.graph.timeVsThreads.exclude_controllers' not found, using default value 'false' instead.
2026-03-22 19:59:55,584 INFO o.a.j.r.c.ReportGeneratorConfiguration: Property 'jmeter.reportgenerator.graph.responseTimeDistribution.exclude_controllers' not found, using default value 'false' instead.
2026-03-22 19:59:55,584 INFO o.a.j.r.c.ReportGeneratorConfiguration: Property 'jmeter.reportgenerator.graph.transactionsPerSecond.exclude_controllers' not found, using default value 'false' instead.
2026-03-22 19:59:55,584 INFO o.a.j.r.c.ReportGeneratorConfiguration: Property 'jmeter.reportgenerator.graph.responseTimePercentiles.exclude_controllers' not found, using default value 'false' instead.
2026-03-22 19:59:55,585 INFO o.a.j.r.c.ReportGeneratorConfiguration: Property 'jmeter.reportgenerator.graph.responseTimePercentilesOverTime.exclude_controllers' not found, using default value 'false' instead.
2026-03-22 19:59:55,585 INFO o.a.j.r.c.ReportGeneratorConfiguration: Property 'jmeter.reportgenerator.graph.responseTimesOverTime.exclude_controllers' not found, using default value 'false' instead.
2026-03-22 19:59:55,585 INFO o.a.j.r.c.ReportGeneratorConfiguration: Property 'jmeter.reportgenerator.graph.connectTimeOverTime.exclude_controllers' not found, using default value 'false' instead.
2026-03-22 19:59:55,585 INFO o.a.j.r.c.ReportGeneratorConfiguration: Property 'jmeter.reportgenerator.graph.latenciesOverTime.exclude_controllers' not found, using default value 'false' instead.
2026-03-22 19:59:55,585 INFO o.a.j.r.c.ReportGeneratorConfiguration: Property 'jmeter.reportgenerator.exporter.json.filters_only_sample_series' not found, using default value 'true' instead.
2026-03-22 19:59:55,585 INFO o.a.j.r.c.ReportGeneratorConfiguration: Property 'jmeter.reportgenerator.exporter.json.series_filter' not found, using default value '' instead.
2026-03-22 19:59:55,585 INFO o.a.j.r.c.ReportGeneratorConfiguration: Property 'jmeter.reportgenerator.exporter.json.show_controllers_only' not found, using default value 'false' instead.
2026-03-22 19:59:55,585 INFO o.a.j.r.c.ReportGeneratorConfiguration: Property 'jmeter.reportgenerator.exporter.html.filters_only_sample_series' not found, using default value 'true' instead.
2026-03-22 19:59:55,585 INFO o.a.j.r.c.ReportGeneratorConfiguration: Property 'jmeter.reportgenerator.exporter.html.series_filter' not found, using default value '' instead.
2026-03-22 19:59:55,585 INFO o.a.j.r.c.ReportGeneratorConfiguration: Property 'jmeter.reportgenerator.exporter.html.show_controllers_only' not found, using default value 'false' instead.
2026-03-22 19:59:55,589 INFO o.a.j.e.StandardJMeterEngine: Running the test!
2026-03-22 19:59:55,589 INFO o.a.j.s.SampleEvent: List of sample_variables: []
2026-03-22 19:59:55,589 INFO o.a.j.s.SampleEvent: List of sample_variables: []
2026-03-22 19:59:55,590 INFO o.a.j.e.u.CompoundVariable: Note: Function class names must contain the string: '.functions.'
2026-03-22 19:59:55,590 INFO o.a.j.e.u.CompoundVariable: Note: Function class names must not contain the string: '.gui.'
2026-03-22 19:59:55,600 INFO o.a.j.r.ClassFinder: Will scan jar /opt/homebrew/Cellar/jmeter/5.6.3/libexec/lib/ext/jmeter-plugins-manager-1.9.jar with filter ExtendsClassFilter [parents=[interface org.apache.jmeter.functions.Function], inner=false, contains=null, notContains=null]. Consider exposing JMeter plugins via META-INF/services, and add JMeter-Skip-Class-Scanning=true manifest attribute so JMeter can skip classfile scanning
2026-03-22 19:59:55,709 INFO o.a.j.JMeter: Running test (1774223995709)
2026-03-22 19:59:55,717 INFO o.a.j.e.StandardJMeterEngine: Starting ThreadGroup: 1 : Thread Group
2026-03-22 19:59:55,717 INFO o.a.j.e.StandardJMeterEngine: Starting 1 threads for group Thread Group.
2026-03-22 19:59:55,718 INFO o.a.j.e.StandardJMeterEngine: Thread will continue on error
2026-03-22 19:59:55,718 INFO o.a.j.t.ThreadGroup: Starting thread group... number=1 threads=1 ramp-up=1 delayedStart=false
2026-03-22 19:59:55,719 INFO o.a.j.t.ThreadGroup: Started thread group number 1
2026-03-22 19:59:55,719 INFO o.a.j.e.StandardJMeterEngine: All thread groups have been started
2026-03-22 19:59:55,720 INFO o.a.j.t.JMeterThread: Thread started: Thread Group 1-1
2026-03-22 19:59:55,728 INFO o.a.j.p.h.s.HTTPHCAbstractImpl: Local host = OF060D2K2W62N0Q
2026-03-22 19:59:55,730 INFO o.a.j.p.h.s.HTTPHC4Impl: HTTP request retry count = 0
2026-03-22 19:59:55,730 INFO o.a.j.s.SampleResult: Note: Sample TimeStamps are START times
2026-03-22 19:59:55,730 INFO o.a.j.s.SampleResult: sampleresult.default.encoding is set to UTF-8
2026-03-22 19:59:55,730 INFO o.a.j.s.SampleResult: sampleresult.useNanoTime=true
2026-03-22 19:59:55,730 INFO o.a.j.s.SampleResult: sampleresult.nanoThreadSleep=5000
2026-03-22 19:59:55,785 INFO o.a.j.p.h.s.h.LazyLayeredConnectionSocketFactory: Setting up HTTPS TrustAll Socket Factory
2026-03-22 19:59:55,786 INFO o.a.j.u.JsseSSLManager: Using default SSL protocol: TLS
2026-03-22 19:59:55,786 INFO o.a.j.u.JsseSSLManager: SSL session context: per-thread
2026-03-22 19:59:55,832 INFO o.a.j.u.SSLManager: JmeterKeyStore Location:  type JKS
2026-03-22 19:59:55,833 INFO o.a.j.u.SSLManager: KeyStore created OK
2026-03-22 19:59:55,833 WARN o.a.j.u.SSLManager: Keystore file not found, loading empty keystore
2026-03-22 19:59:57,026 INFO o.a.j.m.J.JSR223 PreProcessor: Selected random product URL: /outlet/193MAC36HCB/90031.html
2026-03-22 20:00:08,227 INFO o.a.j.m.J.JSR223 PreProcessor: Selected random product URL: /outlet/177RCSB90/91059.html
2026-03-22 20:00:20,011 INFO o.a.j.m.J.JSR223 PreProcessor: Selected random product URL: /outlet/423HDM36SA/91015.html
2026-03-22 20:00:31,972 INFO o.a.j.r.Summariser: summary +      4 in 00:00:36 =    0.1/s Avg:   504 Min:   243 Max:  1007 Err:     0 (0.00%) Active: 1 Started: 1 Finished: 0
2026-03-22 20:00:31,977 INFO o.a.j.m.J.JSR223 PreProcessor: Selected random product URL: /outlet/425N50A/90229.html
2026-03-22 20:00:44,030 INFO o.a.j.m.J.JSR223 PreProcessor: Selected random product URL: /outlet/447AP49R/91007.html
2026-03-22 20:00:56,019 INFO o.a.j.m.J.JSR223 PreProcessor: Selected random product URL: /outlet/185UCR34YHC/90535.html
2026-03-22 20:01:08,282 INFO o.a.j.m.J.JSR223 PreProcessor: Selected random product URL: /outlet/499D570/90781.html
2026-03-22 20:01:20,424 INFO o.a.j.m.J.JSR223 PreProcessor: Selected random product URL: /outlet/177FFES50L/91035.html
2026-03-22 20:01:32,012 INFO o.a.j.r.Summariser: summary +      5 in 00:01:00 =    0.1/s Avg:   421 Min:   283 Max:   692 Err:     0 (0.00%) Active: 1 Started: 1 Finished: 0
2026-03-22 20:01:32,012 INFO o.a.j.r.Summariser: summary =      9 in 00:01:36 =    0.1/s Avg:   458 Min:   243 Max:  1007 Err:     0 (0.00%)
2026-03-22 20:01:32,016 INFO o.a.j.m.J.JSR223 PreProcessor: Selected random product URL: /outlet/600IB1836CP/90957.html
2026-03-22 20:01:44,021 INFO o.a.j.m.J.JSR223 PreProcessor: Selected random product URL: /outlet/423HDM36SA/91015.html
2026-03-22 20:01:56,038 INFO o.a.j.m.J.JSR223 PreProcessor: Selected random product URL: /outlet/922SO2208145/89307.html
2026-03-22 20:02:08,014 INFO o.a.j.m.J.JSR223 PreProcessor: Selected random product URL: /outlet/499IDT0450AA/90539.html
2026-03-22 20:02:20,350 INFO o.a.j.m.J.JSR223 PreProcessor: Selected random product URL: /outlet/425N50A/90229.html
2026-03-22 20:02:31,981 INFO o.a.j.r.Summariser: summary +      5 in 00:01:00 =    0.1/s Avg:   348 Min:   253 Max:   618 Err:     0 (0.00%) Active: 1 Started: 1 Finished: 0
2026-03-22 20:02:31,981 INFO o.a.j.r.Summariser: summary =     14 in 00:02:36 =    0.1/s Avg:   418 Min:   243 Max:  1007 Err:     0 (0.00%)
2026-03-22 20:02:31,985 INFO o.a.j.m.J.JSR223 PreProcessor: Selected random product URL: /outlet/342WBRC20DZ/91071.html
2026-03-22 20:02:44,051 INFO o.a.j.m.J.JSR223 PreProcessor: Selected random product URL: /outlet/344L4D20/88595.html
2026-03-22 20:02:55,920 INFO o.a.j.m.J.JSR223 PreProcessor: Selected random product URL: /outlet/257RD2523EBC/90845.html
2026-03-22 20:03:07,908 INFO o.a.j.m.J.JSR223 PreProcessor: Selected random product URL: /outlet/178SSUC60FHC/90695.html
2026-03-22 20:03:20,167 INFO o.a.j.m.J.JSR223 PreProcessor: Selected random product URL: /outlet/425N50A/89815.html
2026-03-22 20:03:32,273 INFO o.a.j.r.Summariser: summary +      5 in 00:01:00 =    0.1/s Avg:   334 Min:   178 Max:   545 Err:     0 (0.00%) Active: 1 Started: 1 Finished: 0
2026-03-22 20:03:32,273 INFO o.a.j.r.Summariser: summary =     19 in 00:03:37 =    0.1/s Avg:   396 Min:   178 Max:  1007 Err:     0 (0.00%)
2026-03-22 20:03:32,277 INFO o.a.j.m.J.JSR223 PreProcessor: Selected random product URL: /outlet/423HDM36SA/91015.html
2026-03-22 20:03:44,161 INFO o.a.j.m.J.JSR223 PreProcessor: Selected random product URL: /outlet/166WLABEL40L/90977.html
2026-03-22 20:03:56,338 INFO o.a.j.m.J.JSR223 PreProcessor: Selected random product URL: /outlet/342WBRC20DZ/91071.html
2026-03-22 20:04:08,177 INFO o.a.j.m.J.JSR223 PreProcessor: Selected random product URL: /outlet/166WLABEL40L/90977.html
2026-03-22 20:04:20,035 INFO o.a.j.m.J.JSR223 PreProcessor: Selected random product URL: /outlet/234359000010/90633.html
2026-03-22 20:04:31,980 INFO o.a.j.r.Summariser: summary +      5 in 00:01:00 =    0.1/s Avg:   408 Min:   252 Max:   608 Err:     0 (0.00%) Active: 1 Started: 1 Finished: 0
2026-03-22 20:04:31,980 INFO o.a.j.r.Summariser: summary =     24 in 00:04:36 =    0.1/s Avg:   399 Min:   178 Max:  1007 Err:     0 (0.00%)
2026-03-22 20:04:31,984 INFO o.a.j.m.J.JSR223 PreProcessor: Selected random product URL: /outlet/6901902466BK/91017.html
2026-03-22 20:04:44,540 INFO o.a.j.m.J.JSR223 PreProcessor: Selected random product URL: /outlet/351FCPG15N/90851.html
2026-03-22 20:04:56,223 INFO o.a.j.m.J.JSR223 PreProcessor: Selected random product URL: /outlet/978LPS20BRN/90163.html
2026-03-22 20:05:07,914 INFO o.a.j.m.J.JSR223 PreProcessor: Selected random product URL: /outlet/600LC36122KK/91029.html
2026-03-22 20:05:19,919 INFO o.a.j.m.J.JSR223 PreProcessor: Selected random product URL: /outlet/415AM50BAK/90993.html
2026-03-22 20:05:31,906 INFO o.a.j.r.Summariser: summary +      5 in 00:01:00 =    0.1/s Avg:   368 Min:   179 Max:   808 Err:     0 (0.00%) Active: 1 Started: 1 Finished: 0
2026-03-22 20:05:31,907 INFO o.a.j.r.Summariser: summary =     29 in 00:05:36 =    0.1/s Avg:   393 Min:   178 Max:  1007 Err:     0 (0.00%)
2026-03-22 20:05:31,912 INFO o.a.j.m.J.JSR223 PreProcessor: Selected random product URL: /outlet/901VC4GDNK/90949.html
2026-03-22 20:05:44,400 INFO o.a.j.m.J.JSR223 PreProcessor: Selected random product URL: /outlet/600TD3084/90569.html
2026-03-22 20:05:56,018 INFO o.a.j.m.J.JSR223 PreProcessor: Selected random product URL: /outlet/600LC33125AK/91041.html
2026-03-22 20:06:08,050 INFO o.a.j.m.J.JSR223 PreProcessor: Selected random product URL: /outlet/600LC36122KK/91029.html
2026-03-22 20:06:19,927 INFO o.a.j.m.J.JSR223 PreProcessor: Selected random product URL: /outlet/348EDS18S/90789.html
2026-03-22 20:06:32,257 INFO o.a.j.r.Summariser: summary +      5 in 00:01:00 =    0.1/s Avg:   397 Min:   195 Max:   668 Err:     0 (0.00%) Active: 1 Started: 1 Finished: 0
2026-03-22 20:06:32,258 INFO o.a.j.r.Summariser: summary =     34 in 00:06:37 =    0.1/s Avg:   394 Min:   178 Max:  1007 Err:     0 (0.00%)
2026-03-22 20:06:32,262 INFO o.a.j.m.J.JSR223 PreProcessor: Selected random product URL: /outlet/344BB2/91027.html
2026-03-22 20:06:43,901 INFO o.a.j.m.J.JSR223 PreProcessor: Selected random product URL: /outlet/360CRM7HCS/90375.html
2026-03-22 20:06:56,350 INFO o.a.j.m.J.JSR223 PreProcessor: Selected random product URL: /outlet/178SSUC27RHC/90869.html
2026-03-22 20:07:08,180 INFO o.a.j.m.J.JSR223 PreProcessor: Selected random product URL: /outlet/600LC33125AK/91039.html
2026-03-22 20:07:19,941 INFO o.a.j.m.J.JSR223 PreProcessor: Selected random product URL: /outlet/423EST2WS/91023.html
2026-03-22 20:07:31,977 INFO o.a.j.r.Summariser: summary +      5 in 00:01:00 =    0.1/s Avg:   343 Min:   175 Max:   615 Err:     0 (0.00%) Active: 1 Started: 1 Finished: 0
2026-03-22 20:07:31,978 INFO o.a.j.r.Summariser: summary =     39 in 00:07:36 =    0.1/s Avg:   387 Min:   175 Max:  1007 Err:     0 (0.00%)
2026-03-22 20:07:31,982 INFO o.a.j.m.J.JSR223 PreProcessor: Selected random product URL: /outlet/541EC1D/91037.html
2026-03-22 20:07:44,202 INFO o.a.j.m.J.JSR223 PreProcessor: Selected random product URL: /outlet/351WOKR13N/90857.html
2026-03-22 20:07:56,191 INFO o.a.j.m.J.JSR223 PreProcessor: Selected random product URL: /outlet/351WOKR16N/90849.html
2026-03-22 20:08:08,474 INFO o.a.j.m.J.JSR223 PreProcessor: Selected random product URL: /outlet/46AAL54/90801.html
2026-03-22 20:08:19,938 INFO o.a.j.m.J.JSR223 PreProcessor: Selected random product URL: /outlet/901VC4GDNK/90949.html
2026-03-22 20:08:32,163 INFO o.a.j.r.Summariser: summary +      5 in 00:01:00 =    0.1/s Avg:   460 Min:   203 Max:   741 Err:     0 (0.00%) Active: 1 Started: 1 Finished: 0
2026-03-22 20:08:32,164 INFO o.a.j.r.Summariser: summary =     44 in 00:08:36 =    0.1/s Avg:   396 Min:   175 Max:  1007 Err:     0 (0.00%)
2026-03-22 20:08:32,168 INFO o.a.j.m.J.JSR223 PreProcessor: Selected random product URL: /outlet/339EV932421/90933.html
2026-03-22 20:08:43,952 INFO o.a.j.m.J.JSR223 PreProcessor: Selected random product URL: /outlet/600LC36122KK/91029.html
2026-03-22 20:08:56,072 INFO o.a.j.m.J.JSR223 PreProcessor: Selected random product URL: /outlet/351S60G24L/90847.html
2026-03-22 20:09:08,498 INFO o.a.j.m.J.JSR223 PreProcessor: Selected random product URL: /outlet/950AGM36N/90373.html
2026-03-22 20:09:19,954 INFO o.a.j.m.J.JSR223 PreProcessor: Selected random product URL: /outlet/499IDT0450AA/90539.html
2026-03-22 20:09:32,204 INFO o.a.j.r.Summariser: summary +      5 in 00:01:00 =    0.1/s Avg:   404 Min:   217 Max:   761 Err:     0 (0.00%) Active: 1 Started: 1 Finished: 0
2026-03-22 20:09:32,204 INFO o.a.j.r.Summariser: summary =     49 in 00:09:36 =    0.1/s Avg:   396 Min:   175 Max:  1007 Err:     0 (0.00%)
2026-03-22 20:09:32,208 INFO o.a.j.m.J.JSR223 PreProcessor: Selected random product URL: /outlet/339EV932421/90933.html
2026-03-22 20:09:43,931 INFO o.a.j.m.J.JSR223 PreProcessor: Selected random product URL: /outlet/234531000100/90903.html
2026-03-22 20:09:55,950 INFO o.a.j.m.J.JSR223 PreProcessor: Selected random product URL: /outlet/842HT123ST12/90805.html
2026-03-22 20:10:08,285 INFO o.a.j.m.J.JSR223 PreProcessor: Selected random product URL: /outlet/922SO2208145/89307.html
2026-03-22 20:10:22,368 INFO o.a.j.m.J.JSR223 PreProcessor: Selected random product URL: /outlet/499IYT0750AB/90761.html
2026-03-22 20:10:32,308 INFO o.a.j.r.Summariser: summary +      5 in 00:01:00 =    0.1/s Avg:   835 Min:   196 Max:  2632 Err:     0 (0.00%) Active: 1 Started: 1 Finished: 0
2026-03-22 20:10:32,309 INFO o.a.j.r.Summariser: summary =     54 in 00:10:37 =    0.1/s Avg:   437 Min:   175 Max:  2632 Err:     0 (0.00%)
2026-03-22 20:10:32,314 INFO o.a.j.m.J.JSR223 PreProcessor: Selected random product URL: /outlet/257RD2523EBC/90831.html
2026-03-22 20:10:43,922 INFO o.a.j.m.J.JSR223 PreProcessor: Selected random product URL: /outlet/351GCPG36M/90809.html
2026-03-22 20:10:56,190 INFO o.a.j.m.J.JSR223 PreProcessor: Selected random product URL: /outlet/413GRAH60IA/89889.html
2026-03-22 20:11:08,039 INFO o.a.j.m.J.JSR223 PreProcessor: Selected random product URL: /outlet/978LPS20BRN/90163.html
2026-03-22 20:11:20,178 INFO o.a.j.m.J.JSR223 PreProcessor: Selected random product URL: /outlet/929WFG250/90965.html
2026-03-22 20:11:32,232 INFO o.a.j.r.Summariser: summary +      5 in 00:01:00 =    0.1/s Avg:   376 Min:   187 Max:   499 Err:     0 (0.00%) Active: 1 Started: 1 Finished: 0
2026-03-22 20:11:32,233 INFO o.a.j.r.Summariser: summary =     59 in 00:11:37 =    0.1/s Avg:   432 Min:   175 Max:  2632 Err:     0 (0.00%)
2026-03-22 20:11:32,234 INFO o.a.j.m.J.JSR223 PreProcessor: Selected random product URL: /outlet/423EST2WS/91023.html
2026-03-22 20:11:43,975 INFO o.a.j.m.J.JSR223 PreProcessor: Selected random product URL: /outlet/425N50A/90229.html
2026-03-22 20:11:56,003 INFO o.a.j.m.J.JSR223 PreProcessor: Selected random product URL: /outlet/720UN0815AX1/91009.html
2026-03-22 20:12:07,924 INFO o.a.j.m.J.JSR223 PreProcessor: Selected random product URL: /outlet/123ACP55/90853.html
2026-03-22 20:12:19,979 INFO o.a.j.m.J.JSR223 PreProcessor: Selected random product URL: /outlet/344L4D20/88595.html
2026-03-22 20:12:32,322 INFO o.a.j.r.Summariser: summary +      5 in 00:01:00 =    0.1/s Avg:   309 Min:   194 Max:   595 Err:     0 (0.00%) Active: 1 Started: 1 Finished: 0
2026-03-22 20:12:32,323 INFO o.a.j.r.Summariser: summary =     64 in 00:12:37 =    0.1/s Avg:   422 Min:   175 Max:  2632 Err:     0 (0.00%)
2026-03-22 20:12:32,328 INFO o.a.j.m.J.JSR223 PreProcessor: Selected random product URL: /outlet/360CRM7HCS/90375.html
2026-03-22 20:12:44,138 INFO o.a.j.m.J.JSR223 PreProcessor: Selected random product URL: /outlet/109AMD6B/89231.html
2026-03-22 20:12:55,908 INFO o.a.j.m.J.JSR223 PreProcessor: Selected random product URL: /outlet/6901902466BK/90935.html
2026-03-22 20:13:07,944 INFO o.a.j.m.J.JSR223 PreProcessor: Selected random product URL: /outlet/6901902466BK/91017.html
2026-03-22 20:13:19,957 INFO o.a.j.m.J.JSR223 PreProcessor: Selected random product URL: /outlet/978LPS20BRN/90163.html
2026-03-22 20:13:32,225 INFO o.a.j.r.Summariser: summary +      5 in 00:01:00 =    0.1/s Avg:   299 Min:   173 Max:   493 Err:     0 (0.00%) Active: 1 Started: 1 Finished: 0
2026-03-22 20:13:32,226 INFO o.a.j.r.Summariser: summary =     69 in 00:13:37 =    0.1/s Avg:   413 Min:   173 Max:  2632 Err:     0 (0.00%)
2026-03-22 20:13:32,230 INFO o.a.j.m.J.JSR223 PreProcessor: Selected random product URL: /outlet/901VC4GDNK/90949.html
2026-03-22 20:13:44,019 INFO o.a.j.m.J.JSR223 PreProcessor: Selected random product URL: /outlet/234387000013/90509.html
2026-03-22 20:13:56,302 INFO o.a.j.m.J.JSR223 PreProcessor: Selected random product URL: /outlet/600PR20316KS/90565.html
2026-03-22 20:14:07,965 INFO o.a.j.m.J.JSR223 PreProcessor: Selected random product URL: /outlet/178SSUC60FHC/90695.html
2026-03-22 20:14:20,157 INFO o.a.j.m.J.JSR223 PreProcessor: Selected random product URL: /outlet/234359000010/90633.html
2026-03-22 20:14:32,200 INFO o.a.j.r.Summariser: summary +      5 in 00:01:00 =    0.1/s Avg:   396 Min:   229 Max:   571 Err:     0 (0.00%) Active: 1 Started: 1 Finished: 0
2026-03-22 20:14:32,201 INFO o.a.j.r.Summariser: summary =     74 in 00:14:36 =    0.1/s Avg:   412 Min:   173 Max:  2632 Err:     0 (0.00%)
2026-03-22 20:14:32,205 INFO o.a.j.m.J.JSR223 PreProcessor: Selected random product URL: /outlet/351S60G24L/90847.html
2026-03-22 20:14:44,435 INFO o.a.j.m.J.JSR223 PreProcessor: Selected random product URL: /outlet/177RCSB90/91059.html
2026-03-22 20:14:44,436 INFO o.a.j.t.JMeterThread: Thread finished: Thread Group 1-1
2026-03-22 20:14:44,439 INFO o.a.j.e.StandardJMeterEngine: Notifying test listeners of end of test
2026-03-22 20:14:44,447 INFO o.a.j.r.Summariser: summary +      1 in 00:00:12 =    0.1/s Avg:   701 Min:   701 Max:   701 Err:     0 (0.00%) Active: 0 Started: 1 Finished: 1
2026-03-22 20:14:44,447 INFO o.a.j.r.Summariser: summary =     75 in 00:14:49 =    0.1/s Avg:   416 Min:   173 Max:  2632 Err:     0 (0.00%)
2026-03-22 20:14:44,447 INFO o.a.j.JMeter: Generating Dashboard
2026-03-22 20:14:44,448 INFO o.a.j.r.d.ReportGenerator: Flushing result collector before report Generation
2026-03-22 20:14:44,458 INFO o.a.j.r.p.NormalizerSampleConsumer: Using format, 'ms', to parse timeStamp field
2026-03-22 20:14:44,487 INFO o.a.j.r.p.AbstractSampleConsumer: class org.apache.jmeter.report.processor.AggregateConsumer#stopProducing(): beginDate produced 0 samples
2026-03-22 20:14:44,487 INFO o.a.j.r.p.AbstractSampleConsumer: class org.apache.jmeter.report.processor.AggregateConsumer#stopProducing(): endDate produced 0 samples
2026-03-22 20:14:44,490 INFO o.a.j.r.p.AbstractSampleConsumer: class org.apache.jmeter.report.processor.ApdexSummaryConsumer#stopProducing(): apdexSummary produced 0 samples
2026-03-22 20:14:44,490 INFO o.a.j.r.p.AbstractSampleConsumer: class org.apache.jmeter.report.processor.RequestsSummaryConsumer#stopProducing(): requestsSummary produced 0 samples
2026-03-22 20:14:44,494 INFO o.a.j.r.p.AbstractSampleConsumer: class org.apache.jmeter.report.processor.StatisticsSummaryConsumer#stopProducing(): statisticsSummary produced 0 samples
2026-03-22 20:14:44,495 INFO o.a.j.r.p.AbstractSampleConsumer: class org.apache.jmeter.report.processor.Top5ErrorsBySamplerConsumer#stopProducing(): top5ErrorsBySampler produced 0 samples
2026-03-22 20:14:44,495 INFO o.a.j.r.p.AbstractSampleConsumer: class org.apache.jmeter.report.processor.ErrorsSummaryConsumer#stopProducing(): errorsSummary produced 0 samples
2026-03-22 20:14:44,495 INFO o.a.j.r.p.AbstractSampleConsumer: class org.apache.jmeter.report.processor.graph.impl.HitsPerSecondGraphConsumer#stopProducing(): hitsPerSecond produced 0 samples
2026-03-22 20:14:44,506 INFO o.a.j.r.p.AbstractSampleConsumer: class org.apache.jmeter.report.processor.graph.impl.LatencyVSRequestGraphConsumer#stopProducing(): latencyVsRequest produced 0 samples
2026-03-22 20:14:44,506 INFO o.a.j.r.p.AbstractSampleConsumer: class org.apache.jmeter.report.processor.graph.impl.SyntheticResponseTimeDistributionGraphConsumer#stopProducing(): syntheticResponseTimeDistribution produced 0 samples
2026-03-22 20:14:44,506 INFO o.a.j.r.p.AbstractSampleConsumer: class org.apache.jmeter.report.processor.graph.impl.BytesThroughputGraphConsumer#stopProducing(): bytesThroughputOverTime produced 0 samples
2026-03-22 20:14:44,506 INFO o.a.j.r.p.AbstractSampleConsumer: class org.apache.jmeter.report.processor.graph.impl.CodesPerSecondGraphConsumer#stopProducing(): codesPerSecond produced 0 samples
2026-03-22 20:14:44,507 INFO o.a.j.r.p.AbstractSampleConsumer: class org.apache.jmeter.report.processor.graph.impl.ResponseTimeVSRequestGraphConsumer#stopProducing(): responseTimeVsRequest produced 0 samples
2026-03-22 20:14:44,508 INFO o.a.j.r.p.AbstractSampleConsumer: class org.apache.jmeter.report.processor.FilterConsumer#stopProducing(): startIntervalControlerFilter produced 525 samples
2026-03-22 20:14:44,508 INFO o.a.j.r.p.AbstractSampleConsumer: class org.apache.jmeter.report.processor.graph.impl.TotalTPSGraphConsumer#stopProducing(): totalTPS produced 0 samples
2026-03-22 20:14:44,508 INFO o.a.j.r.p.AbstractSampleConsumer: class org.apache.jmeter.report.processor.graph.impl.ActiveThreadsGraphConsumer#stopProducing(): activeThreadsOverTime produced 0 samples
2026-03-22 20:14:44,508 INFO o.a.j.r.p.AbstractSampleConsumer: class org.apache.jmeter.report.processor.graph.impl.TimeVSThreadGraphConsumer#stopProducing(): timeVsThreads produced 0 samples
2026-03-22 20:14:44,508 INFO o.a.j.r.p.AbstractSampleConsumer: class org.apache.jmeter.report.processor.graph.impl.ResponseTimeDistributionGraphConsumer#stopProducing(): responseTimeDistribution produced 0 samples
2026-03-22 20:14:44,508 INFO o.a.j.r.p.AbstractSampleConsumer: class org.apache.jmeter.report.processor.graph.impl.TransactionsPerSecondGraphConsumer#stopProducing(): transactionsPerSecond produced 0 samples
2026-03-22 20:14:44,508 INFO o.a.j.r.p.AbstractSampleConsumer: class org.apache.jmeter.report.processor.graph.impl.ResponseTimePercentilesGraphConsumer#stopProducing(): responseTimePercentiles produced 0 samples
2026-03-22 20:14:44,508 INFO o.a.j.r.p.AbstractSampleConsumer: class org.apache.jmeter.report.processor.graph.impl.ResponseTimePercentilesOverTimeGraphConsumer#stopProducing(): responseTimePercentilesOverTime produced 0 samples
2026-03-22 20:14:44,508 INFO o.a.j.r.p.AbstractSampleConsumer: class org.apache.jmeter.report.processor.graph.impl.ResponseTimeOverTimeGraphConsumer#stopProducing(): responseTimesOverTime produced 0 samples
2026-03-22 20:14:44,508 INFO o.a.j.r.p.AbstractSampleConsumer: class org.apache.jmeter.report.processor.graph.impl.ConnectTimeOverTimeGraphConsumer#stopProducing(): connectTimeOverTime produced 0 samples
2026-03-22 20:14:44,508 INFO o.a.j.r.p.AbstractSampleConsumer: class org.apache.jmeter.report.processor.graph.impl.LatencyOverTimeGraphConsumer#stopProducing(): latenciesOverTime produced 0 samples
2026-03-22 20:14:44,509 INFO o.a.j.r.p.AbstractSampleConsumer: class org.apache.jmeter.report.processor.FilterConsumer#stopProducing(): nameFilter produced 1125 samples
2026-03-22 20:14:44,509 INFO o.a.j.r.p.AbstractSampleConsumer: class org.apache.jmeter.report.processor.FilterConsumer#stopProducing(): dateRangeFilter produced 225 samples
2026-03-22 20:14:44,509 INFO o.a.j.r.p.AbstractSampleConsumer: class org.apache.jmeter.report.processor.NormalizerSampleConsumer#stopProducing(): normalizer produced 75 samples
2026-03-22 20:14:44,509 INFO o.a.j.r.p.CsvFileSampleSource: produce(): 75 samples produced in 39ms on channel 0
2026-03-22 20:14:44,509 INFO o.a.j.r.d.ReportGenerator: Exporting data using exporter:'json' of className:'org.apache.jmeter.report.dashboard.JsonExporter'
2026-03-22 20:14:44,546 INFO o.a.j.r.d.JsonExporter: Found data for consumer statisticsSummary in context
2026-03-22 20:14:44,546 INFO o.a.j.r.d.JsonExporter: Creating statistics for overall
2026-03-22 20:14:44,546 INFO o.a.j.r.d.JsonExporter: Creating statistics for other transactions
2026-03-22 20:14:44,546 INFO o.a.j.r.d.JsonExporter: Checking output folder
2026-03-22 20:14:44,547 INFO o.a.j.r.d.JsonExporter: Writing statistics JSON to /Users/dlt5670/Desktop/webstaurant-test/report/statistics.json
2026-03-22 20:14:44,563 INFO o.a.j.r.d.ReportGenerator: Exporting data using exporter:'html' of className:'org.apache.jmeter.report.dashboard.HtmlTemplateExporter'
2026-03-22 20:14:44,563 INFO o.a.j.r.d.HtmlTemplateExporter: Will generate dashboard in folder: /Users/dlt5670/Desktop/webstaurant-test/report
2026-03-22 20:14:44,593 INFO o.a.j.r.d.HtmlTemplateExporter: Report will be generated in: /Users/dlt5670/Desktop/webstaurant-test/report, creating folder structure
2026-03-22 20:14:44,594 INFO o.a.j.r.d.TemplateVisitor: Copying folder from '/opt/homebrew/Cellar/jmeter/5.6.3/libexec/bin/report-template' to '/Users/dlt5670/Desktop/webstaurant-test/report', got message: /Users/dlt5670/Desktop/webstaurant-test/report, found non empty folder with following content [/Users/dlt5670/Desktop/webstaurant-test/report/statistics.json], will be ignored
2026-03-22 20:14:44,688 INFO o.a.j.JMeter: Dashboard generated
